2025-06-04 16:11:53,517 - INFO - Successfully loaded model from tabular_model.pkl
2025-06-04 16:11:53,524 - INFO - <BrokerConnection client_id=kafka-python-2.2.10, node_id=bootstrap-0 host=localhost:9092 <connecting> [IPv6 ('::1', 9092, 0, 0)]>: connecting to localhost:9092 [('::1', 9092, 0, 0) IPv6]
2025-06-04 16:11:53,529 - INFO - <BrokerConnection client_id=kafka-python-2.2.10, node_id=bootstrap-0 host=localhost:9092 <checking_api_versions_recv> [IPv6 ('::1', 9092, 0, 0)]>: Broker version identified as 2.6
2025-06-04 16:11:53,529 - INFO - <BrokerConnection client_id=kafka-python-2.2.10, node_id=bootstrap-0 host=localhost:9092 <connected> [IPv6 ('::1', 9092, 0, 0)]>: Connection complete.
2025-06-04 16:11:53,530 - WARNING - group_id is None: disabling auto-commit.
2025-06-04 16:11:53,530 - INFO - Updating subscribed topics to: ('nslkdd_logs',)
2025-06-04 16:11:53,530 - INFO - Successfully connected to Kafka topic: nslkdd_logs
2025-06-04 16:11:53,531 - INFO - Starting real-time intrusion detection system
2025-06-04 16:11:53,532 - INFO - Updated partition assignment: [TopicPartition(topic='nslkdd_logs', partition=0)]
2025-06-04 16:11:53,534 - INFO - <BrokerConnection client_id=kafka-python-2.2.10, node_id=1 host=localhost:9092 <connecting> [IPv6 ('::1', 9092, 0, 0)]>: connecting to localhost:9092 [('::1', 9092, 0, 0) IPv6]
2025-06-04 16:11:53,534 - INFO - <BrokerConnection client_id=kafka-python-2.2.10, node_id=1 host=localhost:9092 <connected> [IPv6 ('::1', 9092, 0, 0)]>: Connection complete.
2025-06-04 16:11:53,534 - INFO - <BrokerConnection client_id=kafka-python-2.2.10, node_id=bootstrap-0 host=localhost:9092 <connected> [IPv6 ('::1', 9092, 0, 0)]>: Closing connection. 
2025-06-04 16:11:53,545 - INFO - Resetting offset for partition TopicPartition(topic='nslkdd_logs', partition=0) to offset 4309.
2025-06-04 16:11:53,689 - ERROR - Error processing message: "None of [Index(['pc0', 'pc1', 'pc2', 'pc3', 'pc4', 'pc5', 'pc6', 'pc7', 'pc8', 'pc9',\n       'pc10', 'pc11', 'pc12', 'pc13', 'pc14', 'pc15', 'pc16', 'pc17', 'pc18',\n       'pc19'],\n      dtype='object')] are in the [columns]"
2025-06-04 16:11:54,185 - ERROR - Error processing message: "None of [Index(['pc0', 'pc1', 'pc2', 'pc3', 'pc4', 'pc5', 'pc6', 'pc7', 'pc8', 'pc9',\n       'pc10', 'pc11', 'pc12', 'pc13', 'pc14', 'pc15', 'pc16', 'pc17', 'pc18',\n       'pc19'],\n      dtype='object')] are in the [columns]"
2025-06-04 16:11:54,696 - ERROR - Error processing message: "None of [Index(['pc0', 'pc1', 'pc2', 'pc3', 'pc4', 'pc5', 'pc6', 'pc7', 'pc8', 'pc9',\n       'pc10', 'pc11', 'pc12', 'pc13', 'pc14', 'pc15', 'pc16', 'pc17', 'pc18',\n       'pc19'],\n      dtype='object')] are in the [columns]"
2025-06-04 16:11:55,202 - ERROR - Error processing message: "None of [Index(['pc0', 'pc1', 'pc2', 'pc3', 'pc4', 'pc5', 'pc6', 'pc7', 'pc8', 'pc9',\n       'pc10', 'pc11', 'pc12', 'pc13', 'pc14', 'pc15', 'pc16', 'pc17', 'pc18',\n       'pc19'],\n      dtype='object')] are in the [columns]"
2025-06-04 16:11:55,706 - ERROR - Error processing message: "None of [Index(['pc0', 'pc1', 'pc2', 'pc3', 'pc4', 'pc5', 'pc6', 'pc7', 'pc8', 'pc9',\n       'pc10', 'pc11', 'pc12', 'pc13', 'pc14', 'pc15', 'pc16', 'pc17', 'pc18',\n       'pc19'],\n      dtype='object')] are in the [columns]"
2025-06-04 16:11:56,210 - ERROR - Error processing message: "None of [Index(['pc0', 'pc1', 'pc2', 'pc3', 'pc4', 'pc5', 'pc6', 'pc7', 'pc8', 'pc9',\n       'pc10', 'pc11', 'pc12', 'pc13', 'pc14', 'pc15', 'pc16', 'pc17', 'pc18',\n       'pc19'],\n      dtype='object')] are in the [columns]"
2025-06-04 16:13:04,698 - INFO - Successfully loaded model from tabular_model.pkl
2025-06-04 16:13:04,699 - ERROR - Failed to load scaler: [Errno 2] No such file or directory: 'scaler.pkl'
2025-06-04 16:13:59,943 - INFO - Successfully loaded model from tabular_model.pkl
2025-06-04 16:13:59,943 - INFO - Successfully loaded scaler from scaler_numeric.pkl
2025-06-04 16:13:59,944 - INFO - Successfully loaded PCA from pca_model.pkl
2025-06-04 16:13:59,950 - INFO - <BrokerConnection client_id=kafka-python-2.2.10, node_id=bootstrap-0 host=localhost:9092 <connecting> [IPv6 ('::1', 9092, 0, 0)]>: connecting to localhost:9092 [('::1', 9092, 0, 0) IPv6]
2025-06-04 16:13:59,954 - INFO - <BrokerConnection client_id=kafka-python-2.2.10, node_id=bootstrap-0 host=localhost:9092 <checking_api_versions_recv> [IPv6 ('::1', 9092, 0, 0)]>: Broker version identified as 2.6
2025-06-04 16:13:59,955 - INFO - <BrokerConnection client_id=kafka-python-2.2.10, node_id=bootstrap-0 host=localhost:9092 <connected> [IPv6 ('::1', 9092, 0, 0)]>: Connection complete.
2025-06-04 16:13:59,955 - WARNING - group_id is None: disabling auto-commit.
2025-06-04 16:13:59,955 - INFO - Updating subscribed topics to: ('nslkdd_logs',)
2025-06-04 16:13:59,955 - INFO - Successfully connected to Kafka topic: nslkdd_logs
2025-06-04 16:13:59,955 - INFO - Starting real-time intrusion detection system
2025-06-04 16:13:59,957 - INFO - Updated partition assignment: [TopicPartition(topic='nslkdd_logs', partition=0)]
2025-06-04 16:13:59,958 - INFO - <BrokerConnection client_id=kafka-python-2.2.10, node_id=1 host=localhost:9092 <connecting> [IPv6 ('::1', 9092, 0, 0)]>: connecting to localhost:9092 [('::1', 9092, 0, 0) IPv6]
2025-06-04 16:13:59,959 - INFO - <BrokerConnection client_id=kafka-python-2.2.10, node_id=1 host=localhost:9092 <connected> [IPv6 ('::1', 9092, 0, 0)]>: Connection complete.
2025-06-04 16:13:59,959 - INFO - <BrokerConnection client_id=kafka-python-2.2.10, node_id=bootstrap-0 host=localhost:9092 <connected> [IPv6 ('::1', 9092, 0, 0)]>: Closing connection. 
2025-06-04 16:13:59,962 - INFO - Resetting offset for partition TopicPartition(topic='nslkdd_logs', partition=0) to offset 4560.
2025-06-04 16:14:00,403 - ERROR - Error preprocessing log: The feature names should match those that were passed during fit.
Feature names unseen at fit time:
- is_guest_login
- is_host_login
- land
- logged_in

2025-06-04 16:14:00,404 - ERROR - Error processing message: The feature names should match those that were passed during fit.
Feature names unseen at fit time:
- is_guest_login
- is_host_login
- land
- logged_in

2025-06-04 16:14:00,905 - ERROR - Error preprocessing log: The feature names should match those that were passed during fit.
Feature names unseen at fit time:
- is_guest_login
- is_host_login
- land
- logged_in

2025-06-04 16:14:00,905 - ERROR - Error processing message: The feature names should match those that were passed during fit.
Feature names unseen at fit time:
- is_guest_login
- is_host_login
- land
- logged_in

2025-06-04 16:14:01,411 - ERROR - Error preprocessing log: The feature names should match those that were passed during fit.
Feature names unseen at fit time:
- is_guest_login
- is_host_login
- land
- logged_in

2025-06-04 16:14:01,412 - ERROR - Error processing message: The feature names should match those that were passed during fit.
Feature names unseen at fit time:
- is_guest_login
- is_host_login
- land
- logged_in

2025-06-04 16:14:01,917 - ERROR - Error preprocessing log: The feature names should match those that were passed during fit.
Feature names unseen at fit time:
- is_guest_login
- is_host_login
- land
- logged_in

2025-06-04 16:14:01,917 - ERROR - Error processing message: The feature names should match those that were passed during fit.
Feature names unseen at fit time:
- is_guest_login
- is_host_login
- land
- logged_in

2025-06-04 16:14:02,420 - ERROR - Error preprocessing log: The feature names should match those that were passed during fit.
Feature names unseen at fit time:
- is_guest_login
- is_host_login
- land
- logged_in

2025-06-04 16:14:02,421 - ERROR - Error processing message: The feature names should match those that were passed during fit.
Feature names unseen at fit time:
- is_guest_login
- is_host_login
- land
- logged_in

2025-06-04 16:14:02,926 - ERROR - Error preprocessing log: The feature names should match those that were passed during fit.
Feature names unseen at fit time:
- is_guest_login
- is_host_login
- land
- logged_in

2025-06-04 16:14:02,926 - ERROR - Error processing message: The feature names should match those that were passed during fit.
Feature names unseen at fit time:
- is_guest_login
- is_host_login
- land
- logged_in

2025-06-04 16:14:03,429 - ERROR - Error preprocessing log: The feature names should match those that were passed during fit.
Feature names unseen at fit time:
- is_guest_login
- is_host_login
- land
- logged_in

2025-06-04 16:14:03,429 - ERROR - Error processing message: The feature names should match those that were passed during fit.
Feature names unseen at fit time:
- is_guest_login
- is_host_login
- land
- logged_in

2025-06-04 16:14:03,932 - ERROR - Error preprocessing log: The feature names should match those that were passed during fit.
Feature names unseen at fit time:
- is_guest_login
- is_host_login
- land
- logged_in

2025-06-04 16:14:03,932 - ERROR - Error processing message: The feature names should match those that were passed during fit.
Feature names unseen at fit time:
- is_guest_login
- is_host_login
- land
- logged_in

2025-06-04 16:14:04,435 - ERROR - Error preprocessing log: The feature names should match those that were passed during fit.
Feature names unseen at fit time:
- is_guest_login
- is_host_login
- land
- logged_in

2025-06-04 16:14:04,435 - ERROR - Error processing message: The feature names should match those that were passed during fit.
Feature names unseen at fit time:
- is_guest_login
- is_host_login
- land
- logged_in

2025-06-04 16:14:04,943 - ERROR - Error preprocessing log: The feature names should match those that were passed during fit.
Feature names unseen at fit time:
- is_guest_login
- is_host_login
- land
- logged_in

2025-06-04 16:14:04,943 - ERROR - Error processing message: The feature names should match those that were passed during fit.
Feature names unseen at fit time:
- is_guest_login
- is_host_login
- land
- logged_in

2025-06-04 16:15:57,104 - INFO - Successfully loaded model from tabular_model.pkl
2025-06-04 16:15:57,104 - ERROR - Failed to load scaler: [Errno 2] No such file or directory: 'scaler.pkl'
2025-06-04 16:16:32,991 - INFO - Successfully loaded model from tabular_model.pkl
2025-06-04 16:16:32,991 - INFO - Successfully loaded scaler from scaler_numeric.pkl
2025-06-04 16:16:32,992 - INFO - Successfully loaded PCA from pca_model.pkl
2025-06-04 16:16:32,996 - INFO - <BrokerConnection client_id=kafka-python-2.2.10, node_id=bootstrap-0 host=localhost:9092 <connecting> [IPv6 ('::1', 9092, 0, 0)]>: connecting to localhost:9092 [('::1', 9092, 0, 0) IPv6]
2025-06-04 16:16:33,000 - INFO - <BrokerConnection client_id=kafka-python-2.2.10, node_id=bootstrap-0 host=localhost:9092 <checking_api_versions_recv> [IPv6 ('::1', 9092, 0, 0)]>: Broker version identified as 2.6
2025-06-04 16:16:33,000 - INFO - <BrokerConnection client_id=kafka-python-2.2.10, node_id=bootstrap-0 host=localhost:9092 <connected> [IPv6 ('::1', 9092, 0, 0)]>: Connection complete.
2025-06-04 16:16:33,001 - WARNING - group_id is None: disabling auto-commit.
2025-06-04 16:16:33,001 - INFO - Updating subscribed topics to: ('nslkdd_logs',)
2025-06-04 16:16:33,001 - INFO - Successfully connected to Kafka topic: nslkdd_logs
2025-06-04 16:16:33,001 - INFO - Starting real-time intrusion detection system
2025-06-04 16:16:33,003 - INFO - Updated partition assignment: [TopicPartition(topic='nslkdd_logs', partition=0)]
2025-06-04 16:16:33,004 - INFO - <BrokerConnection client_id=kafka-python-2.2.10, node_id=1 host=localhost:9092 <connecting> [IPv6 ('::1', 9092, 0, 0)]>: connecting to localhost:9092 [('::1', 9092, 0, 0) IPv6]
2025-06-04 16:16:33,005 - INFO - <BrokerConnection client_id=kafka-python-2.2.10, node_id=1 host=localhost:9092 <connected> [IPv6 ('::1', 9092, 0, 0)]>: Connection complete.
2025-06-04 16:16:33,005 - INFO - <BrokerConnection client_id=kafka-python-2.2.10, node_id=bootstrap-0 host=localhost:9092 <connected> [IPv6 ('::1', 9092, 0, 0)]>: Closing connection. 
2025-06-04 16:16:33,007 - INFO - Resetting offset for partition TopicPartition(topic='nslkdd_logs', partition=0) to offset 4863.
2025-06-04 16:16:33,381 - ERROR - Error preprocessing log: The feature names should match those that were passed during fit.
Feature names seen at fit time, yet now missing:
- flag_OTH
- flag_REJ
- flag_RSTO
- flag_RSTOS0
- flag_RSTR
- ...

2025-06-04 16:16:33,381 - ERROR - Error processing message: The feature names should match those that were passed during fit.
Feature names seen at fit time, yet now missing:
- flag_OTH
- flag_REJ
- flag_RSTO
- flag_RSTOS0
- flag_RSTR
- ...

2025-06-04 16:16:33,884 - ERROR - Error preprocessing log: The feature names should match those that were passed during fit.
Feature names seen at fit time, yet now missing:
- flag_OTH
- flag_REJ
- flag_RSTO
- flag_RSTOS0
- flag_RSTR
- ...

2025-06-04 16:16:33,884 - ERROR - Error processing message: The feature names should match those that were passed during fit.
Feature names seen at fit time, yet now missing:
- flag_OTH
- flag_REJ
- flag_RSTO
- flag_RSTOS0
- flag_RSTR
- ...

2025-06-04 16:16:34,393 - ERROR - Error preprocessing log: The feature names should match those that were passed during fit.
Feature names seen at fit time, yet now missing:
- flag_OTH
- flag_REJ
- flag_RSTO
- flag_RSTOS0
- flag_RSTR
- ...

2025-06-04 16:16:34,394 - ERROR - Error processing message: The feature names should match those that were passed during fit.
Feature names seen at fit time, yet now missing:
- flag_OTH
- flag_REJ
- flag_RSTO
- flag_RSTOS0
- flag_RSTR
- ...

2025-06-04 16:16:34,899 - ERROR - Error preprocessing log: The feature names should match those that were passed during fit.
Feature names seen at fit time, yet now missing:
- flag_OTH
- flag_REJ
- flag_RSTO
- flag_RSTOS0
- flag_RSTR
- ...

2025-06-04 16:16:34,900 - ERROR - Error processing message: The feature names should match those that were passed during fit.
Feature names seen at fit time, yet now missing:
- flag_OTH
- flag_REJ
- flag_RSTO
- flag_RSTOS0
- flag_RSTR
- ...

2025-06-04 16:16:35,406 - ERROR - Error preprocessing log: The feature names should match those that were passed during fit.
Feature names seen at fit time, yet now missing:
- flag_OTH
- flag_REJ
- flag_RSTO
- flag_RSTOS0
- flag_RSTR
- ...

2025-06-04 16:16:35,407 - ERROR - Error processing message: The feature names should match those that were passed during fit.
Feature names seen at fit time, yet now missing:
- flag_OTH
- flag_REJ
- flag_RSTO
- flag_RSTOS0
- flag_RSTR
- ...

2025-06-04 16:16:35,911 - ERROR - Error preprocessing log: The feature names should match those that were passed during fit.
Feature names seen at fit time, yet now missing:
- flag_OTH
- flag_REJ
- flag_RSTO
- flag_RSTOS0
- flag_RSTR
- ...

2025-06-04 16:16:35,911 - ERROR - Error processing message: The feature names should match those that were passed during fit.
Feature names seen at fit time, yet now missing:
- flag_OTH
- flag_REJ
- flag_RSTO
- flag_RSTOS0
- flag_RSTR
- ...

2025-06-04 16:16:36,414 - ERROR - Error preprocessing log: The feature names should match those that were passed during fit.
Feature names seen at fit time, yet now missing:
- flag_OTH
- flag_REJ
- flag_RSTO
- flag_RSTOS0
- flag_RSTR
- ...

2025-06-04 16:16:36,414 - ERROR - Error processing message: The feature names should match those that were passed during fit.
Feature names seen at fit time, yet now missing:
- flag_OTH
- flag_REJ
- flag_RSTO
- flag_RSTOS0
- flag_RSTR
- ...

